#
# There is insufficient memory for the Java Runtime Environment to continue.
# Native memory allocation (malloc) failed to allocate 175776 bytes for Chunk::new
# Possible reasons:
#   The system is out of physical RAM or swap space
#   In 32 bit mode, the process size limit was hit
# Possible solutions:
#   Reduce memory load on the system
#   Increase physical memory or swap space
#   Check if swap backing store is full
#   Use 64 bit Java on a 64 bit OS
#   Decrease Java heap size (-Xmx/-Xms)
#   Decrease number of Java threads
#   Decrease Java thread stack sizes (-Xss)
#   Set larger code cache with -XX:ReservedCodeCacheSize=
# This output file may be truncated or incomplete.
#
#  Out of Memory Error (allocation.cpp:390), pid=7460, tid=0x00000000000038d8
#
# JRE version: OpenJDK Runtime Environment (8.0_152-b02) (build 1.8.0_152-release-1024-b02)
# Java VM: OpenJDK 64-Bit Server VM (25.152-b02 mixed mode windows-amd64 compressed oops)
# Failed to write core dump. Minidumps are not enabled by default on client versions of Windows
#

---------------  T H R E A D  ---------------

Current thread (0x0000000016d3f800):  JavaThread "C2 CompilerThread1" daemon [_thread_in_native, id=14552, stack(0x0000000018490000,0x0000000018590000)]

Stack: [0x0000000018490000,0x0000000018590000]
[error occurred during error reporting (printing stack bounds), id 0xc0000005]

Native frames: (J=compiled Java code, j=interpreted, Vv=VM code, C=native code)


Current CompileTask:
C2: 341289 16128       4       java.util.function.Predicate$$Lambda$718/814301994::test (13 bytes)


---------------  P R O C E S S  ---------------

Java Threads: ( => current thread )
  0x000000001d5d5000 JavaThread "Worker Daemon Execution Thread 3" [_thread_blocked, id=19604, stack(0x0000000026780000,0x0000000026880000)]
  0x000000001d5cf000 JavaThread "Worker Daemon Execution Thread 2" [_thread_blocked, id=16776, stack(0x0000000026680000,0x0000000026780000)]
  0x000000001d5cd800 JavaThread "Worker Daemon Execution" [_thread_blocked, id=8476, stack(0x0000000026580000,0x0000000026680000)]
  0x000000001d5d1000 JavaThread "Cache worker for Java compile cache (C:\Users\Nikhil\Desktop\chalkboardrepo-admin_news\.gradle\4.6\javaCompile)" [_thread_blocked, id=5916, stack(0x0000000026380000,0x0000000026480000)]
  0x000000001d5cc800 JavaThread "stdout" [_thread_in_native, id=12596, stack(0x0000000026280000,0x0000000026380000)]
  0x000000001c51c800 JavaThread "stderr" [_thread_in_native, id=9028, stack(0x0000000026180000,0x0000000026280000)]
  0x000000001c51e800 JavaThread "pool-5-thread-1" [_thread_blocked, id=6552, stack(0x0000000026080000,0x0000000026180000)]
  0x000000001c51e000 JavaThread "Task worker for ':' Thread 3" [_thread_blocked, id=13956, stack(0x0000000025f80000,0x0000000026080000)]
  0x000000001c520000 JavaThread "Task worker for ':' Thread 2" [_thread_blocked, id=7700, stack(0x0000000025e80000,0x0000000025f80000)]
  0x000000001c51d000 JavaThread "Task worker for ':'" [_thread_blocked, id=20956, stack(0x0000000025d80000,0x0000000025e80000)]
  0x00000000187e2800 JavaThread "Cache worker for Build Output Cleanup Cache (C:\Users\Nikhil\Desktop\chalkboardrepo-admin_news\.gradle\buildOutputCleanup)" [_thread_blocked, id=20380, stack(0x0000000025c80000,0x0000000025d80000)]
  0x00000000187e2000 JavaThread "Cache worker for task history cache (C:\Users\Nikhil\Desktop\chalkboardrepo-admin_news\.gradle\4.6\taskHistory)" [_thread_blocked, id=3956, stack(0x0000000025b80000,0x0000000025c80000)]
  0x00000000187e7800 JavaThread "Cache worker for file content cache (C:\Users\Nikhil\Desktop\chalkboardrepo-admin_news\.gradle\4.6\fileContent)" [_thread_blocked, id=3560, stack(0x0000000025a80000,0x0000000025b80000)]
  0x00000000187e6800 JavaThread "Build operations Thread 4" [_thread_blocked, id=11048, stack(0x0000000025980000,0x0000000025a80000)]
  0x00000000187e6000 JavaThread "Build operations Thread 3" [_thread_blocked, id=14672, stack(0x0000000025880000,0x0000000025980000)]
  0x00000000187e4800 JavaThread "Build operations Thread 2" [_thread_blocked, id=18640, stack(0x0000000025780000,0x0000000025880000)]
  0x00000000187da800 JavaThread "Build operations" [_thread_blocked, id=16792, stack(0x0000000025680000,0x0000000025780000)]
  0x00000000187dc800 JavaThread "Cache worker for Artifact transforms cache (C:\Users\Nikhil\.gradle\caches\transforms-1)" [_thread_blocked, id=9068, stack(0x0000000025580000,0x0000000025680000)]
  0x00000000187e1000 JavaThread "Cache worker for file hash cache (C:\Users\Nikhil\Desktop\chalkboardrepo-admin_news\.gradle\4.6\fileHashes)" [_thread_blocked, id=15056, stack(0x0000000025480000,0x0000000025580000)]
  0x00000000187dc000 JavaThread "Asynchronous log dispatcher for DefaultDaemonConnection: socket connection from /127.0.0.1:60075 to /127.0.0.1:60168" [_thread_blocked, id=18632, stack(0x0000000025280000,0x0000000025380000)]
  0x00000000187df000 JavaThread "Daemon worker Thread 2" [_thread_in_native, id=3800, stack(0x0000000025180000,0x0000000025280000)]
  0x00000000187db000 JavaThread "Cancel handler" [_thread_blocked, id=10496, stack(0x0000000025080000,0x0000000025180000)]
  0x00000000187dd800 JavaThread "Handler for socket connection from /127.0.0.1:60075 to /127.0.0.1:60168" [_thread_in_native, id=5824, stack(0x0000000024f80000,0x0000000025080000)]
  0x00000000187df800 JavaThread "Daemon Thread 2" [_thread_blocked, id=6300, stack(0x0000000024e80000,0x0000000024f80000)]
  0x00000000187e3800 JavaThread "Java2D Disposer" daemon [_thread_blocked, id=2948, stack(0x0000000024580000,0x0000000024680000)]
  0x00000000187d9000 JavaThread "Memory manager" [_thread_blocked, id=15504, stack(0x00000000224c0000,0x00000000225c0000)]
  0x000000001c51b000 JavaThread "pool-1-thread-1" [_thread_blocked, id=7272, stack(0x00000000221c0000,0x00000000222c0000)]
  0x0000000018e44000 JavaThread "File lock request listener" [_thread_in_native, id=7528, stack(0x000000001c8b0000,0x000000001c9b0000)]
  0x000000001bb11000 JavaThread "Cache worker for file hash cache (C:\Users\Nikhil\.gradle\caches\4.6\fileHashes)" [_thread_blocked, id=8280, stack(0x000000001c7b0000,0x000000001c8b0000)]
  0x00000000199ee800 JavaThread "Daemon periodic checks" [_thread_blocked, id=6088, stack(0x000000001ace0000,0x000000001ade0000)]
  0x00000000199ba000 JavaThread "Incoming local TCP Connector on port 60075" [_thread_in_native, id=19084, stack(0x000000001aaa0000,0x000000001aba0000)]
  0x0000000016d9e800 JavaThread "Service Thread" daemon [_thread_blocked, id=4152, stack(0x0000000018a90000,0x0000000018b90000)]
  0x0000000016d4c000 JavaThread "C1 CompilerThread2" daemon [_thread_blocked, id=21032, stack(0x0000000018590000,0x0000000018690000)]
=>0x0000000016d3f800 JavaThread "C2 CompilerThread1" daemon [_thread_in_native, id=14552, stack(0x0000000018490000,0x0000000018590000)]
  0x0000000016d3c800 JavaThread "C2 CompilerThread0" daemon [_thread_in_vm, id=9184, stack(0x0000000018390000,0x0000000018490000)]
  0x0000000016d3a800 JavaThread "Attach Listener" daemon [_thread_blocked, id=15356, stack(0x0000000018290000,0x0000000018390000)]
  0x0000000016d46800 JavaThread "Signal Dispatcher" daemon [_thread_blocked, id=14404, stack(0x0000000018190000,0x0000000018290000)]
  0x00000000033cc000 JavaThread "Finalizer" daemon [_thread_blocked, id=2144, stack(0x0000000017fa0000,0x00000000180a0000)]
  0x00000000033c1000 JavaThread "Reference Handler" daemon [_thread_blocked, id=14176, stack(0x0000000017ea0000,0x0000000017fa0000)]
  0x00000000032ce800 JavaThread "main" [_thread_blocked, id=8700, stack(0x00000000031b0000,0x00000000032b0000)]

Other Threads:
  0x0000000016d05800 VMThread [stack: 0x0000000017da0000,0x0000000017ea0000] [id=7708]
  0x00000000186bd800 WatcherThread [stack: 0x0000000018b90000,0x0000000018c90000] [id=20304]

VM state:not at safepoint (normal execution)

VM Mutex/Monitor currently owned by a thread: None

Heap:
 PSYoungGen      total 381440K, used 284196K [0x00000000e0000000, 0x00000000fb580000, 0x0000000100000000)
  eden space 328192K, 85% used [0x00000000e0000000,0x00000000f1187da0,0x00000000f4080000)
  from space 53248K, 7% used [0x00000000f8180000,0x00000000f85813c0,0x00000000fb580000)
  to   space 59904K, 0% used [0x00000000f4080000,0x00000000f4080000,0x00000000f7b00000)
 ParOldGen       total 211968K, used 57963K [0x00000000a0000000, 0x00000000acf00000, 0x00000000e0000000)
  object space 211968K, 27% used [0x00000000a0000000,0x00000000a389ae90,0x00000000acf00000)
 Metaspace       used 85641K, capacity 88678K, committed 88832K, reserved 1126400K
  class space    used 11005K, capacity 11676K, committed 11776K, reserved 1048576K

Card table byte_map: [0x0000000012790000,0x0000000012aa0000] byte_map_base: 0x0000000012290000

Marking Bits: (ParMarkBitMap*) 0x000000005ebf4970
 Begin Bits: [0x00000000130a0000, 0x00000000148a0000)
 End Bits:   [0x00000000148a0000, 0x00000000160a0000)

Polling page: 0x00000000017b0000

CodeCache: size=245760Kb used=45277Kb max_used=45292Kb free=200482Kb
 bounds [0x00000000033d0000, 0x0000000006050000, 0x00000000123d0000]
 total_blobs=13792 nmethods=12855 adapters=849
 compilation: enabled

Compilation events (10 events):
Event: 341.178 Thread 0x0000000016d4c000 nmethod 16143 0x0000000004de8810 code [0x0000000004de89c0, 0x0000000004de8f50]
Event: 341.183 Thread 0x0000000016d4c000 16144       3       java.io.StringWriter::write (17 bytes)
Event: 341.183 Thread 0x0000000016d4c000 nmethod 16144 0x0000000004de8010 code [0x0000000004de81a0, 0x0000000004de8678]
Event: 341.183 Thread 0x0000000016d4c000 16145   !   2       java.io.PrintWriter::write (58 bytes)
Event: 341.184 Thread 0x0000000016d4c000 nmethod 16145 0x0000000004de7690 code [0x0000000004de7840, 0x0000000004de7cc8]
Event: 341.184 Thread 0x0000000016d4c000 16146   !   3       java.io.PrintWriter::newLine (66 bytes)
Event: 341.185 Thread 0x0000000016d4c000 nmethod 16146 0x0000000004de6950 code [0x0000000004de6b20, 0x0000000004de7298]
Event: 341.185 Thread 0x0000000016d4c000 16148       1       java.lang.StackTraceElement::getClassName (5 bytes)
Event: 341.185 Thread 0x0000000016d4c000 nmethod 16148 0x0000000004deb990 code [0x0000000004debae0, 0x0000000004debbf0]
Event: 341.185 Thread 0x0000000016d4c000 16150       3       java.lang.StackTraceElement::equals (80 bytes)

GC Heap History (10 events):
Event: 294.995 GC heap before
{Heap before GC invocations=16 (full 3):
 PSYoungGen      total 280576K, used 280571K [0x00000000e0000000, 0x00000000f4480000, 0x0000000100000000)
  eden space 253952K, 100% used [0x00000000e0000000,0x00000000ef800000,0x00000000ef800000)
  from space 26624K, 99% used [0x00000000f1a00000,0x00000000f33fed20,0x00000000f3400000)
  to   space 34816K, 0% used [0x00000000ef800000,0x00000000ef800000,0x00000000f1a00000)
 ParOldGen       total 148480K, used 58720K [0x00000000a0000000, 0x00000000a9100000, 0x00000000e0000000)
  object space 148480K, 39% used [0x00000000a0000000,0x00000000a3958398,0x00000000a9100000)
 Metaspace       used 81569K, capacity 84258K, committed 84480K, reserved 1122304K
  class space    used 10555K, capacity 11160K, committed 11264K, reserved 1048576K
Event: 295.174 GC heap after
Heap after GC invocations=16 (full 3):
 PSYoungGen      total 288768K, used 34811K [0x00000000e0000000, 0x00000000fbd00000, 0x0000000100000000)
  eden space 253952K, 0% used [0x00000000e0000000,0x00000000e0000000,0x00000000ef800000)
  from space 34816K, 99% used [0x00000000ef800000,0x00000000f19fec68,0x00000000f1a00000)
  to   space 60928K, 0% used [0x00000000f8180000,0x00000000f8180000,0x00000000fbd00000)
 ParOldGen       total 148480K, used 113676K [0x00000000a0000000, 0x00000000a9100000, 0x00000000e0000000)
  object space 148480K, 76% used [0x00000000a0000000,0x00000000a6f03348,0x00000000a9100000)
 Metaspace       used 81569K, capacity 84258K, committed 84480K, reserved 1122304K
  class space    used 10555K, capacity 11160K, committed 11264K, reserved 1048576K
}
Event: 320.986 GC heap before
{Heap before GC invocations=17 (full 3):
 PSYoungGen      total 288768K, used 288763K [0x00000000e0000000, 0x00000000fbd00000, 0x0000000100000000)
  eden space 253952K, 100% used [0x00000000e0000000,0x00000000ef800000,0x00000000ef800000)
  from space 34816K, 99% used [0x00000000ef800000,0x00000000f19fec68,0x00000000f1a00000)
  to   space 60928K, 0% used [0x00000000f8180000,0x00000000f8180000,0x00000000fbd00000)
 ParOldGen       total 148480K, used 113676K [0x00000000a0000000, 0x00000000a9100000, 0x00000000e0000000)
  object space 148480K, 76% used [0x00000000a0000000,0x00000000a6f03348,0x00000000a9100000)
 Metaspace       used 84558K, capacity 87384K, committed 87552K, reserved 1126400K
  class space    used 10851K, capacity 11469K, committed 11520K, reserved 1048576K
Event: 321.147 GC heap after
Heap after GC invocations=17 (full 3):
 PSYoungGen      total 381440K, used 30213K [0x00000000e0000000, 0x00000000fb580000, 0x0000000100000000)
  eden space 328192K, 0% used [0x00000000e0000000,0x00000000e0000000,0x00000000f4080000)
  from space 53248K, 56% used [0x00000000f8180000,0x00000000f9f01568,0x00000000fb580000)
  to   space 59904K, 0% used [0x00000000f4080000,0x00000000f4080000,0x00000000f7b00000)
 ParOldGen       total 148480K, used 148016K [0x00000000a0000000, 0x00000000a9100000, 0x00000000e0000000)
  object space 148480K, 99% used [0x00000000a0000000,0x00000000a908c078,0x00000000a9100000)
 Metaspace       used 84558K, capacity 87384K, committed 87552K, reserved 1126400K
  class space    used 10851K, capacity 11469K, committed 11520K, reserved 1048576K
}
Event: 321.147 GC heap before
{Heap before GC invocations=18 (full 4):
 PSYoungGen      total 381440K, used 30213K [0x00000000e0000000, 0x00000000fb580000, 0x0000000100000000)
  eden space 328192K, 0% used [0x00000000e0000000,0x00000000e0000000,0x00000000f4080000)
  from space 53248K, 56% used [0x00000000f8180000,0x00000000f9f01568,0x00000000fb580000)
  to   space 59904K, 0% used [0x00000000f4080000,0x00000000f4080000,0x00000000f7b00000)
 ParOldGen       total 148480K, used 148016K [0x00000000a0000000, 0x00000000a9100000, 0x00000000e0000000)
  object space 148480K, 99% used [0x00000000a0000000,0x00000000a908c078,0x00000000a9100000)
 Metaspace       used 84558K, capacity 87384K, committed 87552K, reserved 1126400K
  class space    used 10851K, capacity 11469K, committed 11520K, reserved 1048576K
Event: 321.565 GC heap after
Heap after GC invocations=18 (full 4):
 PSYoungGen      total 381440K, used 0K [0x00000000e0000000, 0x00000000fb580000, 0x0000000100000000)
  eden space 328192K, 0% used [0x00000000e0000000,0x00000000e0000000,0x00000000f4080000)
  from space 53248K, 0% used [0x00000000f8180000,0x00000000f8180000,0x00000000fb580000)
  to   space 59904K, 0% used [0x00000000f4080000,0x00000000f4080000,0x00000000f7b00000)
 ParOldGen       total 211968K, used 57283K [0x00000000a0000000, 0x00000000acf00000, 0x00000000e0000000)
  object space 211968K, 27% used [0x00000000a0000000,0x00000000a37f0fa8,0x00000000acf00000)
 Metaspace       used 84558K, capacity 87384K, committed 87552K, reserved 1126400K
  class space    used 10851K, capacity 11469K, committed 11520K, reserved 1048576K
}
Event: 321.931 GC heap before
{Heap before GC invocations=19 (full 4):
 PSYoungGen      total 381440K, used 327603K [0x00000000e0000000, 0x00000000fb580000, 0x0000000100000000)
  eden space 328192K, 99% used [0x00000000e0000000,0x00000000f3fece58,0x00000000f4080000)
  from space 53248K, 0% used [0x00000000f8180000,0x00000000f8180000,0x00000000fb580000)
  to   space 59904K, 0% used [0x00000000f4080000,0x00000000f4080000,0x00000000f7b00000)
 ParOldGen       total 211968K, used 57283K [0x00000000a0000000, 0x00000000acf00000, 0x00000000e0000000)
  object space 211968K, 27% used [0x00000000a0000000,0x00000000a37f0fa8,0x00000000acf00000)
 Metaspace       used 84816K, capacity 87670K, committed 87808K, reserved 1126400K
  class space    used 10892K, capacity 11514K, committed 11520K, reserved 1048576K
Event: 321.937 GC heap after
Heap after GC invocations=19 (full 4):
 PSYoungGen      total 388096K, used 1832K [0x00000000e0000000, 0x00000000fb580000, 0x0000000100000000)
  eden space 328192K, 0% used [0x00000000e0000000,0x00000000e0000000,0x00000000f4080000)
  from space 59904K, 3% used [0x00000000f4080000,0x00000000f424a2a0,0x00000000f7b00000)
  to   space 53248K, 0% used [0x00000000f8180000,0x00000000f8180000,0x00000000fb580000)
 ParOldGen       total 211968K, used 57291K [0x00000000a0000000, 0x00000000acf00000, 0x00000000e0000000)
  object space 211968K, 27% used [0x00000000a0000000,0x00000000a37f2fa8,0x00000000acf00000)
 Metaspace       used 84816K, capacity 87670K, committed 87808K, reserved 1126400K
  class space    used 10892K, capacity 11514K, committed 11520K, reserved 1048576K
}
Event: 336.019 GC heap before
{Heap before GC invocations=20 (full 4):
 PSYoungGen      total 388096K, used 330024K [0x00000000e0000000, 0x00000000fb580000, 0x0000000100000000)
  eden space 328192K, 100% used [0x00000000e0000000,0x00000000f4080000,0x00000000f4080000)
  from space 59904K, 3% used [0x00000000f4080000,0x00000000f424a2a0,0x00000000f7b00000)
  to   space 53248K, 0% used [0x00000000f8180000,0x00000000f8180000,0x00000000fb580000)
 ParOldGen       total 211968K, used 57291K [0x00000000a0000000, 0x00000000acf00000, 0x00000000e0000000)
  object space 211968K, 27% used [0x00000000a0000000,0x00000000a37f2fa8,0x00000000acf00000)
 Metaspace       used 85327K, capacity 88288K, committed 88448K, reserved 1126400K
  class space    used 10967K, capacity 11613K, committed 11648K, reserved 1048576K
Event: 336.033 GC heap after
Heap after GC invocations=20 (full 4):
 PSYoungGen      total 381440K, used 4100K [0x00000000e0000000, 0x00000000fb580000, 0x0000000100000000)
  eden space 328192K, 0% used [0x00000000e0000000,0x00000000e0000000,0x00000000f4080000)
  from space 53248K, 7% used [0x00000000f8180000,0x00000000f85813c0,0x00000000fb580000)
  to   space 59904K, 0% used [0x00000000f4080000,0x00000000f4080000,0x00000000f7b00000)
 ParOldGen       total 211968K, used 57963K [0x00000000a0000000, 0x00000000acf00000, 0x00000000e0000000)
  object space 211968K, 27% used [0x00000000a0000000,0x00000000a389ae90,0x00000000acf00000)
 Metaspace       used 85327K, capacity 88288K, committed 88448K, reserved 1126400K
  class space    used 10967K, capacity 11613K, committed 11648K, reserved 1048576K
}

Deoptimization events (10 events):
Event: 340.823 Thread 0x00000000187df000 Uncommon trap: reason=unstable_if action=reinterpret pc=0x0000000004987028 method=sun.nio.fs.WindowsPathParser.parse(Ljava/lang/String;Z)Lsun/nio/fs/WindowsPathParser$Result; @ 45
Event: 340.851 Thread 0x00000000187df000 Uncommon trap: reason=unstable_if action=reinterpret pc=0x0000000005bdb51c method=java.util.function.Predicate.lambda$and$0(Ljava/util/function/Predicate;Ljava/lang/Object;)Z @ 7
Event: 340.853 Thread 0x00000000187df000 Uncommon trap: reason=unstable_if action=reinterpret pc=0x00000000035d4590 method=java.lang.String.indexOf([CII[CIII)I @ 27
Event: 340.902 Thread 0x00000000187df000 Uncommon trap: reason=unstable_if action=reinterpret pc=0x00000000053a3250 method=com.android.builder.files.RelativeFile.equals(Ljava/lang/Object;)Z @ 39
Event: 341.179 Thread 0x00000000187df000 Uncommon trap: reason=class_check action=maybe_recompile pc=0x0000000003e5fec0 method=java.lang.Throwable.<init>(Ljava/lang/String;Ljava/lang/Throwable;)V @ 24
Event: 341.182 Thread 0x00000000187df000 Uncommon trap: reason=class_check action=maybe_recompile pc=0x0000000004db21a4 method=java.io.PrintWriter.write(Ljava/lang/String;II)V @ 19
Event: 341.183 Thread 0x00000000187df000 Uncommon trap: reason=class_check action=maybe_recompile pc=0x0000000004db21a4 method=java.io.PrintWriter.write(Ljava/lang/String;II)V @ 19
Event: 341.183 Thread 0x00000000187df000 Uncommon trap: reason=class_check action=maybe_recompile pc=0x0000000004db21a4 method=java.io.PrintWriter.write(Ljava/lang/String;II)V @ 19
Event: 341.183 Thread 0x00000000187df000 Uncommon trap: reason=class_check action=maybe_recompile pc=0x0000000004db21a4 method=java.io.PrintWriter.write(Ljava/lang/String;II)V @ 19
Event: 341.183 Thread 0x00000000187df000 Uncommon trap: reason=class_check action=maybe_recompile pc=0x0000000004db4e34 method=java.io.PrintWriter.write(Ljava/lang/String;II)V @ 19

Classes redefined (0 events):
No events

Internal exceptions (10 events):
Event: 320.206 Thread 0x00000000187df000 Exception <a 'java/lang/ClassNotFoundException': org/gradle/api/plugins/JavaPluginConventionCustomizer> (0x00000000ed482618) thrown at [D:\src\AOSP-openjdk-cygwin\jdk8u\hotspot\src\share\vm\classfile\systemDictionary.cpp, line 210]
Event: 320.210 Thread 0x00000000187df000 Exception <a 'java/lang/NoSuchMethodError': java.lang.Object.newSystemTemporaryDirectory()Lcom/android/tools/build/apkzlib/bytestorage/TemporaryDirectory;> (0x00000000ed4db950) thrown at [D:\src\AOSP-openjdk-cygwin\jdk8u\hotspot\src\share\vm\interpreter\l
Event: 320.651 Thread 0x00000000187df000 Exception <a 'java/lang/NoSuchMethodError': java.lang.Object.lambda$or$2(Ljava/util/function/Predicate;Ljava/lang/Object;)Z> (0x00000000ee2cf9b8) thrown at [D:\src\AOSP-openjdk-cygwin\jdk8u\hotspot\src\share\vm\interpreter\linkResolver.cpp, line 584]
Event: 322.224 Thread 0x00000000187df000 Exception <a 'sun/nio/fs/WindowsException'> (0x00000000effee0d8) thrown at [D:\src\AOSP-openjdk-cygwin\jdk8u\hotspot\src\share\vm\prims\jni.cpp, line 709]
Event: 335.035 Thread 0x00000000187df000 Exception <a 'sun/nio/fs/WindowsException'> (0x00000000f3034700) thrown at [D:\src\AOSP-openjdk-cygwin\jdk8u\hotspot\src\share\vm\prims\jni.cpp, line 709]
Event: 335.128 Thread 0x00000000187df000 Exception <a 'java/lang/NoSuchMethodError': java.lang.Object.lambda$asRunnable$0(Lcom/android/tools/build/apkzlib/utils/IOExceptionRunnable;)V> (0x00000000f30c3c80) thrown at [D:\src\AOSP-openjdk-cygwin\jdk8u\hotspot\src\share\vm\interpreter\linkResolver.
Event: 335.194 Thread 0x00000000187df000 Exception <a 'java/lang/NoSuchMethodError': java.lang.Object.lambda$and$0(Ljava/util/function/Predicate;Ljava/lang/Object;)Z> (0x00000000f311baa0) thrown at [D:\src\AOSP-openjdk-cygwin\jdk8u\hotspot\src\share\vm\interpreter\linkResolver.cpp, line 584]
Event: 339.059 Thread 0x00000000187df000 Exception <a 'sun/nio/fs/WindowsException'> (0x00000000e5a45448) thrown at [D:\src\AOSP-openjdk-cygwin\jdk8u\hotspot\src\share\vm\prims\jni.cpp, line 709]
Event: 341.178 Thread 0x00000000187df000 Exception <a 'java/lang/OutOfMemoryError'> (0x00000000f0d39488) thrown at [D:\src\AOSP-openjdk-cygwin\jdk8u\hotspot\src\share\vm\prims\jni.cpp, line 735]
Event: 341.179 Thread 0x00000000187df000 Exception <a 'java/lang/reflect/InvocationTargetException'> (0x00000000f0d45ae0) thrown at [D:\src\AOSP-openjdk-cygwin\jdk8u\hotspot\src\share\vm\runtime\reflection.cpp, line 1092]

Events (10 events):
Event: 341.183 Thread 0x00000000187df000 DEOPT UNPACKING pc=0x000000000341557b sp=0x000000002527b1e0 mode 2
Event: 341.183 Thread 0x00000000187df000 Uncommon trap: trap_request=0xffffffde fr.pc=0x0000000004db21a4
Event: 341.183 Thread 0x00000000187df000 DEOPT PACKING pc=0x0000000004db21a4 sp=0x000000002527b2b0
Event: 341.183 Thread 0x00000000187df000 DEOPT UNPACKING pc=0x000000000341557b sp=0x000000002527b1e0 mode 2
Event: 341.183 Thread 0x00000000187df000 Uncommon trap: trap_request=0xffffffde fr.pc=0x0000000004db21a4
Event: 341.183 Thread 0x00000000187df000 DEOPT PACKING pc=0x0000000004db21a4 sp=0x000000002527b2b0
Event: 341.183 Thread 0x00000000187df000 DEOPT UNPACKING pc=0x000000000341557b sp=0x000000002527b1e0 mode 2
Event: 341.183 Thread 0x00000000187df000 Uncommon trap: trap_request=0xffffffde fr.pc=0x0000000004db4e34
Event: 341.183 Thread 0x00000000187df000 DEOPT PACKING pc=0x0000000004db4e34 sp=0x000000002527b210
Event: 341.183 Thread 0x00000000187df000 DEOPT UNPACKING pc=0x000000000341557b sp=0x000000002527b1e0 mode 2


Dynamic libraries:
0x00007ff7e8be0000 - 0x00007ff7e8c11000 	C:\Program Files\Android\Android Studio\jre\bin\java.exe
0x00007ff88a9a0000 - 0x00007ff88ab81000 	C:\WINDOWS\SYSTEM32\ntdll.dll
0x00007ff888820000 - 0x00007ff8888d1000 	C:\WINDOWS\System32\KERNEL32.DLL
0x00007ff887000000 - 0x00007ff887273000 	C:\WINDOWS\System32\KERNELBASE.dll
0x00007ff88a630000 - 0x00007ff88a6d1000 	C:\WINDOWS\System32\ADVAPI32.dll
0x00007ff888750000 - 0x00007ff8887ee000 	C:\WINDOWS\System32\msvcrt.dll
0x00007ff888c60000 - 0x00007ff888cbb000 	C:\WINDOWS\System32\sechost.dll
0x00007ff88a7d0000 - 0x00007ff88a8f4000 	C:\WINDOWS\System32\RPCRT4.dll
0x00007ff8885c0000 - 0x00007ff888750000 	C:\WINDOWS\System32\USER32.dll
0x00007ff887b20000 - 0x00007ff887b40000 	C:\WINDOWS\System32\win32u.dll
0x00007ff8887f0000 - 0x00007ff888818000 	C:\WINDOWS\System32\GDI32.dll
0x00007ff887b90000 - 0x00007ff887d22000 	C:\WINDOWS\System32\gdi32full.dll
0x00007ff886f60000 - 0x00007ff886fff000 	C:\WINDOWS\System32\msvcp_win.dll
0x00007ff887d30000 - 0x00007ff887e28000 	C:\WINDOWS\System32\ucrtbase.dll
0x00007ff87ea30000 - 0x00007ff87ec99000 	C:\WINDOWS\WinSxS\amd64_microsoft.windows.common-controls_6595b64144ccf1df_6.0.17134.706_none_fb43a2cb30647007\COMCTL32.dll
0x00007ff888cc0000 - 0x00007ff888fe2000 	C:\WINDOWS\System32\combase.dll
0x00007ff887280000 - 0x00007ff8872fa000 	C:\WINDOWS\System32\bcryptPrimitives.dll
0x00007ff888570000 - 0x00007ff88859d000 	C:\WINDOWS\System32\IMM32.DLL
0x000000005e350000 - 0x000000005e422000 	C:\Program Files\Android\Android Studio\jre\jre\bin\msvcr100.dll
0x000000005e430000 - 0x000000005ec6f000 	C:\Program Files\Android\Android Studio\jre\jre\bin\server\jvm.dll
0x00007ff88a900000 - 0x00007ff88a908000 	C:\WINDOWS\System32\PSAPI.DLL
0x00007ff883030000 - 0x00007ff883039000 	C:\WINDOWS\SYSTEM32\WSOCK32.dll
0x00007ff87f6f0000 - 0x00007ff87f713000 	C:\WINDOWS\SYSTEM32\WINMM.dll
0x00007ff888960000 - 0x00007ff8889cc000 	C:\WINDOWS\System32\WS2_32.dll
0x00007ff87d160000 - 0x00007ff87d16a000 	C:\WINDOWS\SYSTEM32\VERSION.dll
0x00007ff87f6c0000 - 0x00007ff87f6ea000 	C:\WINDOWS\SYSTEM32\WINMMBASE.dll
0x00007ff887b40000 - 0x00007ff887b89000 	C:\WINDOWS\System32\cfgmgr32.dll
0x00007ff882a50000 - 0x00007ff882a5f000 	C:\Program Files\Android\Android Studio\jre\jre\bin\verify.dll
0x00007ff87abd0000 - 0x00007ff87abf9000 	C:\Program Files\Android\Android Studio\jre\jre\bin\java.dll
0x00007ff881cf0000 - 0x00007ff881d06000 	C:\Program Files\Android\Android Studio\jre\jre\bin\zip.dll
0x00007ff8891f0000 - 0x00007ff88a630000 	C:\WINDOWS\System32\SHELL32.dll
0x00007ff888280000 - 0x00007ff888329000 	C:\WINDOWS\System32\shcore.dll
0x00007ff887300000 - 0x00007ff887a0d000 	C:\WINDOWS\System32\windows.storage.dll
0x00007ff888ff0000 - 0x00007ff889041000 	C:\WINDOWS\System32\shlwapi.dll
0x00007ff886d10000 - 0x00007ff886d21000 	C:\WINDOWS\System32\kernel.appcore.dll
0x00007ff886d30000 - 0x00007ff886d4f000 	C:\WINDOWS\System32\profapi.dll
0x00007ff886cc0000 - 0x00007ff886d0c000 	C:\WINDOWS\System32\powrprof.dll
0x00007ff886cb0000 - 0x00007ff886cba000 	C:\WINDOWS\System32\FLTLIB.DLL
0x00007ff881e30000 - 0x00007ff881e4a000 	C:\Program Files\Android\Android Studio\jre\jre\bin\net.dll
0x00007ff8864d0000 - 0x00007ff886536000 	C:\WINDOWS\system32\mswsock.dll
0x00007ff881e10000 - 0x00007ff881e21000 	C:\Program Files\Android\Android Studio\jre\jre\bin\nio.dll
0x00007ff878e30000 - 0x00007ff878e4e000 	C:\Users\Nikhil\.gradle\native\25\windows-amd64\native-platform.dll
0x00007ff87e840000 - 0x00007ff87e84d000 	C:\Program Files\Android\Android Studio\jre\jre\bin\management.dll
0x00007ff886680000 - 0x00007ff886697000 	C:\WINDOWS\SYSTEM32\CRYPTSP.dll
0x00007ff8860b0000 - 0x00007ff8860e3000 	C:\WINDOWS\system32\rsaenh.dll
0x00007ff886800000 - 0x00007ff886825000 	C:\WINDOWS\SYSTEM32\bcrypt.dll
0x00007ff886bb0000 - 0x00007ff886bd8000 	C:\WINDOWS\SYSTEM32\USERENV.dll
0x00007ff886830000 - 0x00007ff88683b000 	C:\WINDOWS\SYSTEM32\CRYPTBASE.dll
0x00007ff886250000 - 0x00007ff886288000 	C:\WINDOWS\SYSTEM32\IPHLPAPI.DLL
0x00007ff888c50000 - 0x00007ff888c58000 	C:\WINDOWS\System32\NSI.dll
0x00007ff8822e0000 - 0x00007ff8822f6000 	C:\WINDOWS\SYSTEM32\dhcpcsvc6.DLL
0x00007ff8822c0000 - 0x00007ff8822da000 	C:\WINDOWS\SYSTEM32\dhcpcsvc.DLL
0x00007ff860b70000 - 0x00007ff860d06000 	C:\Program Files\Android\Android Studio\jre\jre\bin\awt.dll
0x00007ff8884a0000 - 0x00007ff888562000 	C:\WINDOWS\System32\OLEAUT32.dll
0x00007ff8842f0000 - 0x00007ff8848b7000 	C:\WINDOWS\SYSTEM32\d2d1.dll
0x00007ff884fa0000 - 0x00007ff88502b000 	C:\WINDOWS\SYSTEM32\apphelp.dll
0x00007ff885540000 - 0x00007ff885569000 	C:\WINDOWS\system32\DWMAPI.DLL
0x00007ff885470000 - 0x00007ff885508000 	C:\WINDOWS\system32\uxtheme.dll
0x00007ff885da0000 - 0x00007ff885dd1000 	C:\WINDOWS\SYSTEM32\ntmarta.dll

VM Arguments:
jvm_args: -Xmx1536m -Dfile.encoding=windows-1252 -Duser.country=US -Duser.language=en -Duser.variant 
java_command: org.gradle.launcher.daemon.bootstrap.GradleDaemon 4.6
java_class_path (initial): C:\Users\Nikhil\.gradle\wrapper\dists\gradle-4.6-all\bcst21l2brirad8k2ben1letg\gradle-4.6\lib\gradle-launcher-4.6.jar
Launcher Type: SUN_STANDARD

Environment Variables:
JAVA_HOME=C:\Program Files (x86)\Java\jdk1.7.0
PATH=C:\Windows\System32;C:\adb;C:\WINDOWS\system32;C:\WINDOWS;C:\WINDOWS\System32\Wbem;C:\WINDOWS\System32\WindowsPowerShell\v1.0\;C:\WINDOWS\System32\OpenSSH\;C:\Program Files (x86)\Brackets\command;C:\Program Files\Microsoft SQL Server\130\Tools\Binn\;C:\Users\Nikhil\Anaconda3;C:\Program Files\Java\jdk1.8.0_144\bin;C:\Program Files\Git\cmd;C:\Program Files (x86)\Windows Kits\10\Windows Performance Toolkit\;C:\Windows\System32;C:\Users\Nikhil\AppData\Local\Microsoft\WindowsApps;C:\Program Files\Microsoft VS Code\bin;C:\Users\Nikhil\Anaconda3;C:\Users\Nikhil\Anaconda3\Scripts;C:\Program Files (x86)\Microsoft Visual Studio 14.0\VC\bin;
USERNAME=Nikhil
OS=Windows_NT
PROCESSOR_IDENTIFIER=Intel64 Family 6 Model 61 Stepping 4, GenuineIntel



---------------  S Y S T E M  ---------------

OS: Windows 10.0 , 64 bit Build 17134 (10.0.17134.706)

CPU:total 4 (initial active 4) (2 cores per cpu, 2 threads per core) family 6 model 61 stepping 4, cmov, cx8, fxsr, mmx, sse, sse2, sse3, ssse3, sse4.1, sse4.2, popcnt, avx, avx2, aes, clmul, erms, 3dnowpref, lzcnt, ht, tsc, tscinvbit, bmi1, bmi2, adx

Memory: 4k page, physical 8297064k(505916k free), swap 14588520k(2800k free)

vm_info: OpenJDK 64-Bit Server VM (25.152-b02) for windows-amd64 JRE (1.8.0_152-release-1024-b02), built by "builder" with MS VC++ 10.0 (VS2010)

time: Tue May 21 08:09:18 2019
elapsed time: 341 seconds (0d 0h 5m 41s)

