#
# There is insufficient memory for the Java Runtime Environment to continue.
# Native memory allocation (malloc) failed to allocate 1746496 bytes for Chunk::new
# Possible reasons:
#   The system is out of physical RAM or swap space
#   In 32 bit mode, the process size limit was hit
# Possible solutions:
#   Reduce memory load on the system
#   Increase physical memory or swap space
#   Check if swap backing store is full
#   Use 64 bit Java on a 64 bit OS
#   Decrease Java heap size (-Xmx/-Xms)
#   Decrease number of Java threads
#   Decrease Java thread stack sizes (-Xss)
#   Set larger code cache with -XX:ReservedCodeCacheSize=
# This output file may be truncated or incomplete.
#
#  Out of Memory Error (allocation.cpp:390), pid=18368, tid=0x0000000000004b90
#
# JRE version: OpenJDK Runtime Environment (8.0_152-b02) (build 1.8.0_152-release-1024-b02)
# Java VM: OpenJDK 64-Bit Server VM (25.152-b02 mixed mode windows-amd64 compressed oops)
# Failed to write core dump. Minidumps are not enabled by default on client versions of Windows
#

---------------  T H R E A D  ---------------

Current thread (0x0000000016af2000):  JavaThread "C2 CompilerThread1" daemon [_thread_in_native, id=19344, stack(0x0000000018260000,0x0000000018360000)]

Stack: [0x0000000018260000,0x0000000018360000]
[error occurred during error reporting (printing stack bounds), id 0xc0000005]

Native frames: (J=compiled Java code, j=interpreted, Vv=VM code, C=native code)


Current CompileTask:
C2: 156063 17501       4       com.android.tools.r8.ir.regalloc.LinearScanRegisterAllocator::allocateSingleInterval (797 bytes)


---------------  P R O C E S S  ---------------

Java Threads: ( => current thread )
  0x000000001de98000 JavaThread "ForkJoinPool.commonPool-worker-2" daemon [_thread_in_native, id=18672, stack(0x0000000025810000,0x0000000025910000)]
  0x000000001de9b000 JavaThread "ForkJoinPool.commonPool-worker-1" daemon [_thread_in_native, id=19600, stack(0x0000000025710000,0x0000000025810000)]
  0x000000001de93800 JavaThread "ForkJoinPool.commonPool-worker-0" daemon [_thread_in_native, id=8904, stack(0x0000000025610000,0x0000000025710000)]
  0x000000001dfb1000 JavaThread "Cache worker for Java compile cache (C:\Users\Nikhil\Desktop\chalkboardrepo-admin_news\.gradle\4.6\javaCompile)" [_thread_blocked, id=18316, stack(0x0000000023e50000,0x0000000023f50000)]
  0x000000001dfb8000 JavaThread "stdout" [_thread_in_native, id=17696, stack(0x0000000023d50000,0x0000000023e50000)]
  0x000000001dfb7800 JavaThread "stderr" [_thread_in_native, id=20620, stack(0x0000000023c50000,0x0000000023d50000)]
  0x000000001dfaf000 JavaThread "pool-3-thread-1" [_thread_blocked, id=20984, stack(0x0000000023b50000,0x0000000023c50000)]
  0x000000001dfac000 JavaThread "Task worker for ':' Thread 3" [_thread_blocked, id=7116, stack(0x0000000023650000,0x0000000023750000)]
  0x000000001dfad800 JavaThread "Task worker for ':' Thread 2" [_thread_blocked, id=19432, stack(0x0000000023550000,0x0000000023650000)]
  0x000000001dfb0800 JavaThread "Task worker for ':'" [_thread_blocked, id=10360, stack(0x0000000023450000,0x0000000023550000)]
  0x000000001dfb2800 JavaThread "Cache worker for Build Output Cleanup Cache (C:\Users\Nikhil\Desktop\chalkboardrepo-admin_news\.gradle\buildOutputCleanup)" [_thread_blocked, id=19044, stack(0x0000000023350000,0x0000000023450000)]
  0x000000001dfb2000 JavaThread "Cache worker for task history cache (C:\Users\Nikhil\Desktop\chalkboardrepo-admin_news\.gradle\4.6\taskHistory)" [_thread_blocked, id=4928, stack(0x0000000023250000,0x0000000023350000)]
  0x000000001dfac800 JavaThread "Cache worker for file content cache (C:\Users\Nikhil\Desktop\chalkboardrepo-admin_news\.gradle\4.6\fileContent)" [_thread_blocked, id=2240, stack(0x0000000023150000,0x0000000023250000)]
  0x000000001ce21000 JavaThread "Memory manager" [_thread_blocked, id=9408, stack(0x0000000022050000,0x0000000022150000)]
  0x000000001ce1f000 JavaThread "pool-1-thread-1" [_thread_blocked, id=20944, stack(0x0000000021d50000,0x0000000021e50000)]
  0x000000001ce1d000 JavaThread "Build operations Thread 4" [_thread_blocked, id=13320, stack(0x0000000021850000,0x0000000021950000)]
  0x000000001ce1e800 JavaThread "Build operations Thread 3" [_thread_blocked, id=20972, stack(0x0000000021750000,0x0000000021850000)]
  0x000000001ce24000 JavaThread "Build operations Thread 2" [_thread_blocked, id=18884, stack(0x0000000021650000,0x0000000021750000)]
  0x000000001ce21800 JavaThread "Build operations" [_thread_blocked, id=8328, stack(0x000000001efa0000,0x000000001f0a0000)]
  0x000000001ce22800 JavaThread "Cache worker for Artifact transforms cache (C:\Users\Nikhil\.gradle\caches\transforms-1)" [_thread_blocked, id=2796, stack(0x000000001eb20000,0x000000001ec20000)]
  0x000000001c7df800 JavaThread "Cache worker for file hash cache (C:\Users\Nikhil\Desktop\chalkboardrepo-admin_news\.gradle\4.6\fileHashes)" [_thread_blocked, id=17080, stack(0x000000001d650000,0x000000001d750000)]
  0x000000001bc1d000 JavaThread "File lock request listener" [_thread_in_native, id=20008, stack(0x000000001c580000,0x000000001c680000)]
  0x0000000019a17800 JavaThread "Cache worker for file hash cache (C:\Users\Nikhil\.gradle\caches\4.6\fileHashes)" [_thread_blocked, id=19356, stack(0x000000001c480000,0x000000001c580000)]
  0x000000001907c000 JavaThread "Asynchronous log dispatcher for DefaultDaemonConnection: socket connection from /127.0.0.1:59971 to /127.0.0.1:59972" [_thread_blocked, id=10024, stack(0x000000001b0b0000,0x000000001b1b0000)]
  0x0000000018f2e000 JavaThread "Daemon worker" [_thread_blocked, id=11800, stack(0x000000001afb0000,0x000000001b0b0000)]
  0x0000000018f2c800 JavaThread "Cancel handler" [_thread_blocked, id=15448, stack(0x000000001aeb0000,0x000000001afb0000)]
  0x0000000018cc5000 JavaThread "Handler for socket connection from /127.0.0.1:59971 to /127.0.0.1:59972" [_thread_in_native, id=12184, stack(0x000000001abb0000,0x000000001acb0000)]
  0x0000000018cbf000 JavaThread "Daemon" [_thread_blocked, id=4352, stack(0x000000001aab0000,0x000000001abb0000)]
  0x0000000019786000 JavaThread "Daemon periodic checks" [_thread_blocked, id=5832, stack(0x000000001a9b0000,0x000000001aab0000)]
  0x0000000019779000 JavaThread "Incoming local TCP Connector on port 59971" [_thread_in_native, id=19424, stack(0x000000001a770000,0x000000001a870000)]
  0x0000000016b4b800 JavaThread "Service Thread" daemon [_thread_blocked, id=14092, stack(0x0000000018860000,0x0000000018960000)]
  0x0000000016af6000 JavaThread "C1 CompilerThread2" daemon [_thread_blocked, id=10132, stack(0x0000000018360000,0x0000000018460000)]
=>0x0000000016af2000 JavaThread "C2 CompilerThread1" daemon [_thread_in_native, id=19344, stack(0x0000000018260000,0x0000000018360000)]
  0x0000000016aef000 JavaThread "C2 CompilerThread0" daemon [_thread_in_native, id=20284, stack(0x0000000018160000,0x0000000018260000)]
  0x0000000016aec800 JavaThread "Attach Listener" daemon [_thread_blocked, id=7700, stack(0x0000000018060000,0x0000000018160000)]
  0x0000000016ae9800 JavaThread "Signal Dispatcher" daemon [_thread_blocked, id=20652, stack(0x0000000017f60000,0x0000000018060000)]
  0x0000000016ade000 JavaThread "Finalizer" daemon [_thread_blocked, id=16532, stack(0x0000000017d70000,0x0000000017e70000)]
  0x00000000030d2000 JavaThread "Reference Handler" daemon [_thread_blocked, id=16572, stack(0x0000000017c70000,0x0000000017d70000)]
  0x000000000317e000 JavaThread "main" [_thread_blocked, id=16248, stack(0x0000000002ea0000,0x0000000002fa0000)]

Other Threads:
  0x0000000016ab5800 VMThread [stack: 0x0000000017b70000,0x0000000017c70000] [id=15608]
  0x0000000016b4c800 WatcherThread [stack: 0x0000000018960000,0x0000000018a60000] [id=12108]

VM state:not at safepoint (normal execution)

VM Mutex/Monitor currently owned by a thread: None

Heap:
 PSYoungGen      total 422400K, used 189196K [0x00000000e0000000, 0x00000000fcd00000, 0x0000000100000000)
  eden space 388096K, 44% used [0x00000000e0000000,0x00000000ea7719e0,0x00000000f7b00000)
  from space 34304K, 51% used [0x00000000fab80000,0x00000000fbcd1998,0x00000000fcd00000)
  to   space 41984K, 0% used [0x00000000f7b00000,0x00000000f7b00000,0x00000000fa400000)
 ParOldGen       total 201728K, used 56969K [0x00000000a0000000, 0x00000000ac500000, 0x00000000e0000000)
  object space 201728K, 28% used [0x00000000a0000000,0x00000000a37a2480,0x00000000ac500000)
 Metaspace       used 90560K, capacity 94386K, committed 94464K, reserved 1130496K
  class space    used 11763K, capacity 12512K, committed 12544K, reserved 1048576K

Card table byte_map: [0x0000000012540000,0x0000000012850000] byte_map_base: 0x0000000012040000

Marking Bits: (ParMarkBitMap*) 0x000000005ebf4970
 Begin Bits: [0x0000000012e50000, 0x0000000014650000)
 End Bits:   [0x0000000014650000, 0x0000000015e50000)

Polling page: 0x0000000001100000

CodeCache: size=245760Kb used=50954Kb max_used=50954Kb free=194805Kb
 bounds [0x0000000003180000, 0x0000000006380000, 0x0000000012180000]
 total_blobs=15143 nmethods=14293 adapters=760
 compilation: enabled

Compilation events (10 events):
Event: 155.449 Thread 0x0000000016af6000 17915       2       com.google.common.util.concurrent.AbstractFuture$TrustedFuture::get (5 bytes)
Event: 155.449 Thread 0x0000000016af6000 nmethod 17915 0x00000000063537d0 code [0x0000000006353940, 0x0000000006353aa8]
Event: 155.449 Thread 0x0000000016af6000 17916       2       com.android.tools.r8.graph.ObjectToOffsetMapping::keysOrEmpty (17 bytes)
Event: 155.450 Thread 0x0000000016af6000 nmethod 17916 0x0000000006353b50 code [0x0000000006353cc0, 0x0000000006353e28]
Event: 155.450 Thread 0x0000000016af6000 17917       2       com.android.tools.r8.dex.DebugBytecodeWriter::putUleb128p1 (8 bytes)
Event: 155.450 Thread 0x0000000016af6000 nmethod 17917 0x0000000006353ed0 code [0x0000000006354040, 0x0000000006354228]
Event: 155.450 Thread 0x0000000016af6000 17918       1       com.android.tools.r8.code.IgetObject::getOpcode (3 bytes)
Event: 155.450 Thread 0x0000000016af6000 nmethod 17918 0x0000000006354350 code [0x00000000063544a0, 0x00000000063545b0]
Event: 155.450 Thread 0x0000000016af6000 17919       1       com.android.tools.r8.code.ReturnVoid::getOpcode (3 bytes)
Event: 155.450 Thread 0x0000000016af6000 nmethod 17919 0x0000000006354610 code [0x0000000006354760, 0x0000000006354870]

GC Heap History (10 events):
Event: 118.786 GC heap before
{Heap before GC invocations=22 (full 4):
 PSYoungGen      total 241664K, used 192903K [0x00000000e0000000, 0x00000000f3f00000, 0x0000000100000000)
  eden space 193536K, 99% used [0x00000000e0000000,0x00000000ebc61cb8,0x00000000ebd00000)
  from space 48128K, 0% used [0x00000000ebd00000,0x00000000ebd00000,0x00000000eec00000)
  to   space 48128K, 0% used [0x00000000f1000000,0x00000000f1000000,0x00000000f3f00000)
 ParOldGen       total 201728K, used 48434K [0x00000000a0000000, 0x00000000ac500000, 0x00000000e0000000)
  object space 201728K, 24% used [0x00000000a0000000,0x00000000a2f4c810,0x00000000ac500000)
 Metaspace       used 79253K, capacity 81982K, committed 82304K, reserved 1120256K
  class space    used 10428K, capacity 11032K, committed 11136K, reserved 1048576K
Event: 118.814 GC heap after
Heap after GC invocations=22 (full 4):
 PSYoungGen      total 276480K, used 9913K [0x00000000e0000000, 0x00000000f3d00000, 0x0000000100000000)
  eden space 230400K, 0% used [0x00000000e0000000,0x00000000e0000000,0x00000000ee100000)
  from space 46080K, 21% used [0x00000000f1000000,0x00000000f19ae488,0x00000000f3d00000)
  to   space 47104K, 0% used [0x00000000ee100000,0x00000000ee100000,0x00000000f0f00000)
 ParOldGen       total 201728K, used 48442K [0x00000000a0000000, 0x00000000ac500000, 0x00000000e0000000)
  object space 201728K, 24% used [0x00000000a0000000,0x00000000a2f4e810,0x00000000ac500000)
 Metaspace       used 79253K, capacity 81982K, committed 82304K, reserved 1120256K
  class space    used 10428K, capacity 11032K, committed 11136K, reserved 1048576K
}
Event: 118.946 GC heap before
{Heap before GC invocations=23 (full 4):
 PSYoungGen      total 276480K, used 240271K [0x00000000e0000000, 0x00000000f3d00000, 0x0000000100000000)
  eden space 230400K, 99% used [0x00000000e0000000,0x00000000ee0f5b68,0x00000000ee100000)
  from space 46080K, 21% used [0x00000000f1000000,0x00000000f19ae488,0x00000000f3d00000)
  to   space 47104K, 0% used [0x00000000ee100000,0x00000000ee100000,0x00000000f0f00000)
 ParOldGen       total 201728K, used 48442K [0x00000000a0000000, 0x00000000ac500000, 0x00000000e0000000)
  object space 201728K, 24% used [0x00000000a0000000,0x00000000a2f4e810,0x00000000ac500000)
 Metaspace       used 79260K, capacity 81982K, committed 82304K, reserved 1120256K
  class space    used 10428K, capacity 11032K, committed 11136K, reserved 1048576K
Event: 118.963 GC heap after
Heap after GC invocations=23 (full 4):
 PSYoungGen      total 277504K, used 8070K [0x00000000e0000000, 0x00000000f7c80000, 0x0000000100000000)
  eden space 230400K, 0% used [0x00000000e0000000,0x00000000e0000000,0x00000000ee100000)
  from space 47104K, 17% used [0x00000000ee100000,0x00000000ee8e1ad8,0x00000000f0f00000)
  to   space 45568K, 0% used [0x00000000f5000000,0x00000000f5000000,0x00000000f7c80000)
 ParOldGen       total 201728K, used 48450K [0x00000000a0000000, 0x00000000ac500000, 0x00000000e0000000)
  object space 201728K, 24% used [0x00000000a0000000,0x00000000a2f50810,0x00000000ac500000)
 Metaspace       used 79260K, capacity 81982K, committed 82304K, reserved 1120256K
  class space    used 10428K, capacity 11032K, committed 11136K, reserved 1048576K
}
Event: 119.058 GC heap before
{Heap before GC invocations=24 (full 4):
 PSYoungGen      total 277504K, used 238454K [0x00000000e0000000, 0x00000000f7c80000, 0x0000000100000000)
  eden space 230400K, 99% used [0x00000000e0000000,0x00000000ee0fbfa0,0x00000000ee100000)
  from space 47104K, 17% used [0x00000000ee100000,0x00000000ee8e1ad8,0x00000000f0f00000)
  to   space 45568K, 0% used [0x00000000f5000000,0x00000000f5000000,0x00000000f7c80000)
 ParOldGen       total 201728K, used 48450K [0x00000000a0000000, 0x00000000ac500000, 0x00000000e0000000)
  object space 201728K, 24% used [0x00000000a0000000,0x00000000a2f50810,0x00000000ac500000)
 Metaspace       used 79285K, capacity 81994K, committed 82304K, reserved 1120256K
  class space    used 10431K, capacity 11034K, committed 11136K, reserved 1048576K
Event: 119.078 GC heap after
Heap after GC invocations=24 (full 4):
 PSYoungGen      total 343552K, used 238K [0x00000000e0000000, 0x00000000f8700000, 0x0000000100000000)
  eden space 297984K, 0% used [0x00000000e0000000,0x00000000e0000000,0x00000000f2300000)
  from space 45568K, 0% used [0x00000000f5000000,0x00000000f503bab8,0x00000000f7c80000)
  to   space 46080K, 0% used [0x00000000f2300000,0x00000000f2300000,0x00000000f5000000)
 ParOldGen       total 201728K, used 55238K [0x00000000a0000000, 0x00000000ac500000, 0x00000000e0000000)
  object space 201728K, 27% used [0x00000000a0000000,0x00000000a35f1988,0x00000000ac500000)
 Metaspace       used 79285K, capacity 81994K, committed 82304K, reserved 1120256K
  class space    used 10431K, capacity 11034K, committed 11136K, reserved 1048576K
}
Event: 133.421 GC heap before
{Heap before GC invocations=25 (full 4):
 PSYoungGen      total 343552K, used 298222K [0x00000000e0000000, 0x00000000f8700000, 0x0000000100000000)
  eden space 297984K, 100% used [0x00000000e0000000,0x00000000f2300000,0x00000000f2300000)
  from space 45568K, 0% used [0x00000000f5000000,0x00000000f503bab8,0x00000000f7c80000)
  to   space 46080K, 0% used [0x00000000f2300000,0x00000000f2300000,0x00000000f5000000)
 ParOldGen       total 201728K, used 55238K [0x00000000a0000000, 0x00000000ac500000, 0x00000000e0000000)
  object space 201728K, 27% used [0x00000000a0000000,0x00000000a35f1988,0x00000000ac500000)
 Metaspace       used 80496K, capacity 83426K, committed 83712K, reserved 1122304K
  class space    used 10574K, capacity 11218K, committed 11264K, reserved 1048576K
Event: 133.451 GC heap after
Heap after GC invocations=25 (full 4):
 PSYoungGen      total 344064K, used 9979K [0x00000000e0000000, 0x00000000fd680000, 0x0000000100000000)
  eden space 297984K, 0% used [0x00000000e0000000,0x00000000e0000000,0x00000000f2300000)
  from space 46080K, 21% used [0x00000000f2300000,0x00000000f2cbef28,0x00000000f5000000)
  to   space 44032K, 0% used [0x00000000fab80000,0x00000000fab80000,0x00000000fd680000)
 ParOldGen       total 201728K, used 55278K [0x00000000a0000000, 0x00000000ac500000, 0x00000000e0000000)
  object space 201728K, 27% used [0x00000000a0000000,0x00000000a35fb988,0x00000000ac500000)
 Metaspace       used 80496K, capacity 83426K, committed 83712K, reserved 1122304K
  class space    used 10574K, capacity 11218K, committed 11264K, reserved 1048576K
}
Event: 151.029 GC heap before
{Heap before GC invocations=26 (full 4):
 PSYoungGen      total 344064K, used 307963K [0x00000000e0000000, 0x00000000fd680000, 0x0000000100000000)
  eden space 297984K, 100% used [0x00000000e0000000,0x00000000f2300000,0x00000000f2300000)
  from space 46080K, 21% used [0x00000000f2300000,0x00000000f2cbef28,0x00000000f5000000)
  to   space 44032K, 0% used [0x00000000fab80000,0x00000000fab80000,0x00000000fd680000)
 ParOldGen       total 201728K, used 55278K [0x00000000a0000000, 0x00000000ac500000, 0x00000000e0000000)
  object space 201728K, 27% used [0x00000000a0000000,0x00000000a35fb988,0x00000000ac500000)
 Metaspace       used 88797K, capacity 92384K, committed 92544K, reserved 1130496K
  class space    used 11598K, capacity 12345K, committed 12416K, reserved 1048576K
Event: 151.085 GC heap after
Heap after GC invocations=26 (full 4):
 PSYoungGen      total 422400K, used 17734K [0x00000000e0000000, 0x00000000fcd00000, 0x0000000100000000)
  eden space 388096K, 0% used [0x00000000e0000000,0x00000000e0000000,0x00000000f7b00000)
  from space 34304K, 51% used [0x00000000fab80000,0x00000000fbcd1998,0x00000000fcd00000)
  to   space 41984K, 0% used [0x00000000f7b00000,0x00000000f7b00000,0x00000000fa400000)
 ParOldGen       total 201728K, used 56969K [0x00000000a0000000, 0x00000000ac500000, 0x00000000e0000000)
  object space 201728K, 28% used [0x00000000a0000000,0x00000000a37a2480,0x00000000ac500000)
 Metaspace       used 88797K, capacity 92384K, committed 92544K, reserved 1130496K
  class space    used 11598K, capacity 12345K, committed 12416K, reserved 1048576K
}

Deoptimization events (10 events):
Event: 152.631 Thread 0x000000001de98000 Uncommon trap: reason=unstable_if action=reinterpret pc=0x00000000061b3a20 method=com.android.tools.r8.ir.conversion.JarState$Slot.isCategory1(Lcom/android/tools/r8/org/objectweb/asm/Type;)Z @ 11
Event: 152.716 Thread 0x000000001de98000 Uncommon trap: reason=unstable_if action=reinterpret pc=0x00000000060b4c0c method=com.android.tools.r8.ir.code.ValueType.isWide()Z @ 11
Event: 152.717 Thread 0x000000001de98000 Uncommon trap: reason=unstable_if action=reinterpret pc=0x0000000005e92fa4 method=com.android.tools.r8.ir.code.ValueType.isWide()Z @ 11
Event: 152.723 Thread 0x000000001de98000 Uncommon trap: reason=unstable_if action=reinterpret pc=0x0000000005e69e68 method=com.android.tools.r8.ir.code.ValueType.isWide()Z @ 11
Event: 152.731 Thread 0x000000001de98000 Uncommon trap: reason=class_check action=maybe_recompile pc=0x0000000006130930 method=com.android.tools.r8.ir.optimize.MoveEliminator.shouldBeEliminated(Lcom/android/tools/r8/ir/code/Instruction;)Z @ 83
Event: 152.731 Thread 0x000000001de98000 Uncommon trap: reason=class_check action=maybe_recompile pc=0x0000000006130930 method=com.android.tools.r8.ir.optimize.MoveEliminator.shouldBeEliminated(Lcom/android/tools/r8/ir/code/Instruction;)Z @ 83
Event: 152.731 Thread 0x000000001de98000 Uncommon trap: reason=unstable_if action=reinterpret pc=0x0000000005e452dc method=com.android.tools.r8.ir.code.ValueType.isWide()Z @ 11
Event: 152.948 Thread 0x000000001de93800 Uncommon trap: reason=array_check action=maybe_recompile pc=0x0000000004459650 method=java.util.TimSort.binarySort([Ljava/lang/Object;IIILjava/util/Comparator;)V @ 193
Event: 153.549 Thread 0x000000001de9b000 Uncommon trap: reason=unstable_if action=reinterpret pc=0x0000000005c0b4e8 method=com.android.tools.r8.ir.regalloc.RegisterPositions.hasType(ILcom/android/tools/r8/ir/regalloc/RegisterPositions$Type;)Z @ 65
Event: 155.195 Thread 0x000000001de9b000 Uncommon trap: reason=unstable_if action=reinterpret pc=0x00000000060bbe0c method=com.android.tools.r8.ir.conversion.JarSourceCode.traceInstruction(ILcom/android/tools/r8/ir/conversion/IRBuilder;)I @ 233

Classes redefined (0 events):
No events

Internal exceptions (10 events):
Event: 153.424 Thread 0x000000001de93800 Exception <a 'sun/nio/fs/WindowsException'> (0x00000000e6ee5988) thrown at [D:\src\AOSP-openjdk-cygwin\jdk8u\hotspot\src\share\vm\prims\jni.cpp, line 709]
Event: 153.577 Thread 0x000000001de93800 Exception <a 'sun/nio/fs/WindowsException'> (0x00000000e6f2b600) thrown at [D:\src\AOSP-openjdk-cygwin\jdk8u\hotspot\src\share\vm\prims\jni.cpp, line 709]
Event: 153.836 Thread 0x000000001de98000 Exception <a 'sun/nio/fs/WindowsException'> (0x00000000e7b043f0) thrown at [D:\src\AOSP-openjdk-cygwin\jdk8u\hotspot\src\share\vm\prims\jni.cpp, line 709]
Event: 153.930 Thread 0x000000001de98000 Exception <a 'sun/nio/fs/WindowsException'> (0x00000000e7b0cdc8) thrown at [D:\src\AOSP-openjdk-cygwin\jdk8u\hotspot\src\share\vm\prims\jni.cpp, line 709]
Event: 153.935 Thread 0x000000001de98000 Exception <a 'sun/nio/fs/WindowsException'> (0x00000000e7b13a30) thrown at [D:\src\AOSP-openjdk-cygwin\jdk8u\hotspot\src\share\vm\prims\jni.cpp, line 709]
Event: 153.946 Thread 0x000000001de98000 Exception <a 'sun/nio/fs/WindowsException'> (0x00000000e7f75c20) thrown at [D:\src\AOSP-openjdk-cygwin\jdk8u\hotspot\src\share\vm\prims\jni.cpp, line 709]
Event: 154.079 Thread 0x000000001de93800 Exception <a 'sun/nio/fs/WindowsException'> (0x00000000e6f77838) thrown at [D:\src\AOSP-openjdk-cygwin\jdk8u\hotspot\src\share\vm\prims\jni.cpp, line 709]
Event: 154.383 Thread 0x000000001de93800 Exception <a 'sun/nio/fs/WindowsException'> (0x00000000e6fc10d8) thrown at [D:\src\AOSP-openjdk-cygwin\jdk8u\hotspot\src\share\vm\prims\jni.cpp, line 709]
Event: 154.394 Thread 0x000000001de98000 Exception <a 'sun/nio/fs/WindowsException'> (0x00000000e7fd1438) thrown at [D:\src\AOSP-openjdk-cygwin\jdk8u\hotspot\src\share\vm\prims\jni.cpp, line 709]
Event: 155.451 Thread 0x000000001de9b000 Exception <a 'sun/nio/fs/WindowsException'> (0x00000000ea47c4d0) thrown at [D:\src\AOSP-openjdk-cygwin\jdk8u\hotspot\src\share\vm\prims\jni.cpp, line 709]

Events (10 events):
Event: 155.330 Thread 0x000000001de9b000 DEOPT PACKING pc=0x00000000061e2d3e sp=0x000000002580eac0
Event: 155.330 Thread 0x000000001de9b000 DEOPT UNPACKING pc=0x00000000031c75d0 sp=0x000000002580e800 mode 0
Event: 155.348 Thread 0x000000001de9b000 DEOPT PACKING pc=0x00000000062e49fa sp=0x000000002580e750
Event: 155.348 Thread 0x000000001de9b000 DEOPT UNPACKING pc=0x00000000031c75d0 sp=0x000000002580e490 mode 0
Event: 155.437 Thread 0x000000001de9b000 DEOPT PACKING pc=0x0000000005cd6b97 sp=0x000000002580e5a0
Event: 155.437 Thread 0x000000001de9b000 DEOPT UNPACKING pc=0x00000000031c75d0 sp=0x000000002580e2c8 mode 0
Event: 155.444 Thread 0x000000001de9b000 DEOPT PACKING pc=0x0000000005cd6b97 sp=0x000000002580e5a0
Event: 155.444 Thread 0x000000001de9b000 DEOPT UNPACKING pc=0x00000000031c75d0 sp=0x000000002580e2c8 mode 0
Event: 155.448 Thread 0x000000001de9b000 DEOPT PACKING pc=0x0000000005cd6b97 sp=0x000000002580e5a0
Event: 155.448 Thread 0x000000001de9b000 DEOPT UNPACKING pc=0x00000000031c75d0 sp=0x000000002580e2c8 mode 0


Dynamic libraries:
0x00007ff7e8be0000 - 0x00007ff7e8c11000 	C:\Program Files\Android\Android Studio\jre\bin\java.exe
0x00007ff88a9a0000 - 0x00007ff88ab81000 	C:\WINDOWS\SYSTEM32\ntdll.dll
0x00007ff888820000 - 0x00007ff8888d1000 	C:\WINDOWS\System32\KERNEL32.DLL
0x00007ff887000000 - 0x00007ff887273000 	C:\WINDOWS\System32\KERNELBASE.dll
0x00007ff88a630000 - 0x00007ff88a6d1000 	C:\WINDOWS\System32\ADVAPI32.dll
0x00007ff888750000 - 0x00007ff8887ee000 	C:\WINDOWS\System32\msvcrt.dll
0x00007ff888c60000 - 0x00007ff888cbb000 	C:\WINDOWS\System32\sechost.dll
0x00007ff88a7d0000 - 0x00007ff88a8f4000 	C:\WINDOWS\System32\RPCRT4.dll
0x00007ff8885c0000 - 0x00007ff888750000 	C:\WINDOWS\System32\USER32.dll
0x00007ff887b20000 - 0x00007ff887b40000 	C:\WINDOWS\System32\win32u.dll
0x00007ff8887f0000 - 0x00007ff888818000 	C:\WINDOWS\System32\GDI32.dll
0x00007ff887b90000 - 0x00007ff887d22000 	C:\WINDOWS\System32\gdi32full.dll
0x00007ff886f60000 - 0x00007ff886fff000 	C:\WINDOWS\System32\msvcp_win.dll
0x00007ff887d30000 - 0x00007ff887e28000 	C:\WINDOWS\System32\ucrtbase.dll
0x00007ff87ea30000 - 0x00007ff87ec99000 	C:\WINDOWS\WinSxS\amd64_microsoft.windows.common-controls_6595b64144ccf1df_6.0.17134.706_none_fb43a2cb30647007\COMCTL32.dll
0x00007ff888cc0000 - 0x00007ff888fe2000 	C:\WINDOWS\System32\combase.dll
0x00007ff887280000 - 0x00007ff8872fa000 	C:\WINDOWS\System32\bcryptPrimitives.dll
0x00007ff888570000 - 0x00007ff88859d000 	C:\WINDOWS\System32\IMM32.DLL
0x000000005e350000 - 0x000000005e422000 	C:\Program Files\Android\Android Studio\jre\jre\bin\msvcr100.dll
0x000000005e430000 - 0x000000005ec6f000 	C:\Program Files\Android\Android Studio\jre\jre\bin\server\jvm.dll
0x00007ff88a900000 - 0x00007ff88a908000 	C:\WINDOWS\System32\PSAPI.DLL
0x00007ff883030000 - 0x00007ff883039000 	C:\WINDOWS\SYSTEM32\WSOCK32.dll
0x00007ff888960000 - 0x00007ff8889cc000 	C:\WINDOWS\System32\WS2_32.dll
0x00007ff87f6f0000 - 0x00007ff87f713000 	C:\WINDOWS\SYSTEM32\WINMM.dll
0x00007ff87d160000 - 0x00007ff87d16a000 	C:\WINDOWS\SYSTEM32\VERSION.dll
0x00007ff87f6c0000 - 0x00007ff87f6ea000 	C:\WINDOWS\SYSTEM32\WINMMBASE.dll
0x00007ff887b40000 - 0x00007ff887b89000 	C:\WINDOWS\System32\cfgmgr32.dll
0x00007ff882a50000 - 0x00007ff882a5f000 	C:\Program Files\Android\Android Studio\jre\jre\bin\verify.dll
0x00007ff87abd0000 - 0x00007ff87abf9000 	C:\Program Files\Android\Android Studio\jre\jre\bin\java.dll
0x00007ff881cf0000 - 0x00007ff881d06000 	C:\Program Files\Android\Android Studio\jre\jre\bin\zip.dll
0x00007ff8891f0000 - 0x00007ff88a630000 	C:\WINDOWS\System32\SHELL32.dll
0x00007ff888280000 - 0x00007ff888329000 	C:\WINDOWS\System32\shcore.dll
0x00007ff887300000 - 0x00007ff887a0d000 	C:\WINDOWS\System32\windows.storage.dll
0x00007ff888ff0000 - 0x00007ff889041000 	C:\WINDOWS\System32\shlwapi.dll
0x00007ff886d10000 - 0x00007ff886d21000 	C:\WINDOWS\System32\kernel.appcore.dll
0x00007ff886d30000 - 0x00007ff886d4f000 	C:\WINDOWS\System32\profapi.dll
0x00007ff886cc0000 - 0x00007ff886d0c000 	C:\WINDOWS\System32\powrprof.dll
0x00007ff886cb0000 - 0x00007ff886cba000 	C:\WINDOWS\System32\FLTLIB.DLL
0x00007ff881e30000 - 0x00007ff881e4a000 	C:\Program Files\Android\Android Studio\jre\jre\bin\net.dll
0x00007ff8864d0000 - 0x00007ff886536000 	C:\WINDOWS\system32\mswsock.dll
0x00007ff881e10000 - 0x00007ff881e21000 	C:\Program Files\Android\Android Studio\jre\jre\bin\nio.dll
0x00007ff878e30000 - 0x00007ff878e4e000 	C:\Users\Nikhil\.gradle\native\25\windows-amd64\native-platform.dll
0x00007ff87e840000 - 0x00007ff87e84d000 	C:\Program Files\Android\Android Studio\jre\jre\bin\management.dll
0x00007ff886680000 - 0x00007ff886697000 	C:\WINDOWS\SYSTEM32\CRYPTSP.dll
0x00007ff8860b0000 - 0x00007ff8860e3000 	C:\WINDOWS\system32\rsaenh.dll
0x00007ff886800000 - 0x00007ff886825000 	C:\WINDOWS\SYSTEM32\bcrypt.dll
0x00007ff886bb0000 - 0x00007ff886bd8000 	C:\WINDOWS\SYSTEM32\USERENV.dll
0x00007ff886830000 - 0x00007ff88683b000 	C:\WINDOWS\SYSTEM32\CRYPTBASE.dll
0x00007ff886250000 - 0x00007ff886288000 	C:\WINDOWS\SYSTEM32\IPHLPAPI.DLL
0x00007ff888c50000 - 0x00007ff888c58000 	C:\WINDOWS\System32\NSI.dll
0x00007ff8822e0000 - 0x00007ff8822f6000 	C:\WINDOWS\SYSTEM32\dhcpcsvc6.DLL
0x00007ff8822c0000 - 0x00007ff8822da000 	C:\WINDOWS\SYSTEM32\dhcpcsvc.DLL

VM Arguments:
jvm_args: -Xmx1536m -Dfile.encoding=windows-1252 -Duser.country=US -Duser.language=en -Duser.variant 
java_command: org.gradle.launcher.daemon.bootstrap.GradleDaemon 4.6
java_class_path (initial): C:\Users\Nikhil\.gradle\wrapper\dists\gradle-4.6-all\bcst21l2brirad8k2ben1letg\gradle-4.6\lib\gradle-launcher-4.6.jar
Launcher Type: SUN_STANDARD

Environment Variables:
JAVA_HOME=C:\Program Files (x86)\Java\jdk1.7.0
PATH=C:\Windows\System32;C:\adb;C:\WINDOWS\system32;C:\WINDOWS;C:\WINDOWS\System32\Wbem;C:\WINDOWS\System32\WindowsPowerShell\v1.0\;C:\WINDOWS\System32\OpenSSH\;C:\Program Files (x86)\Brackets\command;C:\Program Files\Microsoft SQL Server\130\Tools\Binn\;C:\Users\Nikhil\Anaconda3;C:\Program Files\Java\jdk1.8.0_144\bin;C:\Program Files\Git\cmd;C:\Program Files (x86)\Windows Kits\10\Windows Performance Toolkit\;C:\Windows\System32;C:\Users\Nikhil\AppData\Local\Microsoft\WindowsApps;C:\Program Files\Microsoft VS Code\bin;C:\Users\Nikhil\Anaconda3;C:\Users\Nikhil\Anaconda3\Scripts;C:\Program Files (x86)\Microsoft Visual Studio 14.0\VC\bin;
USERNAME=Nikhil
OS=Windows_NT
PROCESSOR_IDENTIFIER=Intel64 Family 6 Model 61 Stepping 4, GenuineIntel



---------------  S Y S T E M  ---------------

OS: Windows 10.0 , 64 bit Build 17134 (10.0.17134.706)

CPU:total 4 (initial active 4) (2 cores per cpu, 2 threads per core) family 6 model 61 stepping 4, cmov, cx8, fxsr, mmx, sse, sse2, sse3, ssse3, sse4.1, sse4.2, popcnt, avx, avx2, aes, clmul, erms, 3dnowpref, lzcnt, ht, tsc, tscinvbit, bmi1, bmi2, adx

Memory: 4k page, physical 8297064k(891544k free), swap 14588520k(6256k free)

vm_info: OpenJDK 64-Bit Server VM (25.152-b02) for windows-amd64 JRE (1.8.0_152-release-1024-b02), built by "builder" with MS VC++ 10.0 (VS2010)

time: Tue May 21 07:57:10 2019
elapsed time: 156 seconds (0d 0h 2m 36s)

